Base path: D:/Program Files/Unity/Unity4.6.7f1/Editor/Data
Pipe name: \\.\pipe\UnityShaderCompiler-1-6472
Cmd: getPlatforms
Cmd: preprocess
  insize=238 outsize=238 ok=1
Cmd: preprocess
  insize=2439 outsize=908 ok=1
Cmd: compileSnippet
  api=4 type=0 insize=1770 outsize=1697 kw= ok=1
Cmd: compileSnippet
  api=4 type=1 insize=1770 outsize=1290 kw= ok=1
Cmd: preprocess
  insize=1654 outsize=525 ok=1
Cmd: compileSnippet
  api=4 type=0 insize=1381 outsize=1388 kw= ok=1
Cmd: compileSnippet
  api=4 type=1 insize=1381 outsize=1737 kw= ok=1
Cmd: preprocess
  insize=3022 outsize=950 ok=1
Cmd: compileSnippet
  api=4 type=0 insize=2301 outsize=2265 kw= ok=1
Cmd: compileSnippet
  api=4 type=1 insize=2301 outsize=1892 kw= ok=1
Cmd: preprocess
  insize=2433 outsize=511 ok=1
Cmd: compileSnippet
  api=4 type=0 insize=2154 outsize=2078 kw= ok=1
Cmd: compileSnippet
  api=4 type=1 insize=2154 outsize=1632 kw= ok=1
Cmd: preprocess
  insize=2098 outsize=947 ok=1
Cmd: compileSnippet
  api=4 type=0 insize=1401 outsize=1575 kw= ok=1
Cmd: compileSnippet
  api=4 type=1 insize=1401 outsize=1428 kw= ok=1
Cmd: preprocess
  insize=2060 outsize=511 ok=1
Cmd: compileSnippet
  api=4 type=0 insize=1788 outsize=1697 kw= ok=1
Cmd: compileSnippet
  api=4 type=1 insize=1788 outsize=1290 kw= ok=1
Cmd: preprocess
  insize=516 outsize=516 ok=1
Cmd: preprocess
  insize=2554 outsize=569 ok=1
Cmd: compileSnippet
  api=4 type=0 insize=2219 outsize=2078 kw= ok=1
Cmd: compileSnippet
  api=4 type=1 insize=2219 outsize=1591 kw= ok=1
Cmd: preprocess
  insize=2179 outsize=567 ok=1
Cmd: compileSnippet
  api=4 type=0 insize=1852 outsize=1697 kw= ok=1
Cmd: compileSnippet
  api=4 type=1 insize=1852 outsize=1250 kw= ok=1
Cmd: preprocess
  insize=1478 outsize=643 ok=1
Cmd: compileSnippet
  api=4 type=0 insize=1097 outsize=1510 kw= ok=1
Cmd: compileSnippet
  api=4 type=1 insize=1097 outsize=1055 kw= ok=1
Cmd: preprocess
  insize=1552 outsize=893 ok=1
Cmd: compileSnippet
  api=4 type=0 insize=924 outsize=1193 kw= ok=1
Cmd: compileSnippet
  api=4 type=1 insize=924 outsize=795 kw= ok=1
Cmd: preprocess
  insize=1581 outsize=662 ok=1
Cmd: compileSnippet
  api=4 type=0 insize=1179 outsize=1510 kw= ok=1
Cmd: compileSnippet
  api=4 type=1 insize=1179 outsize=1014 kw= ok=1
Cmd: preprocess
  insize=2814 outsize=910 ok=1
Cmd: compileSnippet
  api=4 type=0 insize=2137 outsize=2078 kw= ok=1
Cmd: compileSnippet
  api=4 type=1 insize=2137 outsize=1632 kw= ok=1
Cmd: preprocess
  insize=1739 outsize=939 ok=1
Cmd: compileSnippet
  api=4 type=0 insize=1060 outsize=1380 kw= ok=1
Cmd: compileSnippet
  api=4 type=1 insize=1060 outsize=1055 kw= ok=1
Cmd: preprocess
  insize=1640 outsize=567 ok=1
Cmd: compileSnippet
  api=4 type=0 insize=1329 outsize=1388 kw= ok=1
Cmd: compileSnippet
  api=4 type=1 insize=1329 outsize=1128 kw= ok=1
Cmd: preprocess
  insize=1508 outsize=511 ok=1
Cmd: compileSnippet
  api=4 type=0 insize=1252 outsize=1388 kw= ok=1
Cmd: compileSnippet
  api=4 type=1 insize=1252 outsize=1168 kw= ok=1
Cmd: preprocess
  insize=3042 outsize=1804 ok=1
Cmd: compileSnippet
  api=4 type=0 insize=5428 outsize=3980 kw=DIRECTIONAL SHADOWS_OFF LIGHTMAP_OFF DIRLIGHTMAP_OFF ok=1
Cmd: compileSnippet
  api=4 type=1 insize=5428 outsize=2737 kw=DIRECTIONAL SHADOWS_OFF LIGHTMAP_OFF DIRLIGHTMAP_OFF ok=1
Cmd: compileSnippet
  api=4 type=0 insize=3334 outsize=3630 kw=POINT ok=1
Cmd: compileSnippet
  api=4 type=1 insize=3334 outsize=3053 kw=POINT ok=1
Cmd: compileSnippet
  api=4 type=0 insize=5307 outsize=3094 kw=DIRECTIONAL SHADOWS_OFF LIGHTMAP_OFF DIRLIGHTMAP_OFF ok=1
Cmd: compileSnippet
  api=4 type=1 insize=5307 outsize=2290 kw=DIRECTIONAL SHADOWS_OFF LIGHTMAP_OFF DIRLIGHTMAP_OFF ok=1
Cmd: compileSnippet
  api=4 type=0 insize=3313 outsize=3053 kw=POINT ok=1
Cmd: compileSnippet
  api=4 type=1 insize=3313 outsize=2631 kw=POINT ok=1
Cmd: preprocess
  insize=2647 outsize=948 ok=1
Cmd: compileSnippet
  api=4 type=0 insize=1934 outsize=1883 kw= ok=1
Cmd: compileSnippet
  api=4 type=1 insize=1934 outsize=1550 kw= ok=1
Cmd: preprocess
  insize=1890 outsize=908 ok=1
Cmd: compileSnippet
  api=4 type=0 insize=1237 outsize=1388 kw= ok=1
Cmd: compileSnippet
  api=4 type=1 insize=1237 outsize=1168 kw= ok=1
Cmd: preprocess
  insize=2581 outsize=527 ok=1
Cmd: compileSnippet
  api=4 type=0 insize=2284 outsize=2078 kw= ok=1
Cmd: compileSnippet
  api=4 type=1 insize=2284 outsize=2257 kw= ok=1
Cmd: preprocess
  insize=469 outsize=469 ok=1
Cmd: preprocess
  insize=1545 outsize=540 ok=1
Cmd: compileSnippet
  api=4 type=0 insize=1260 outsize=1388 kw= ok=1
Cmd: compileSnippet
  api=4 type=1 insize=1260 outsize=1745 kw= ok=1
Cmd: preprocess
  insize=1510 outsize=900 ok=1
Cmd: compileSnippet
  api=4 type=0 insize=876 outsize=1193 kw= ok=1
Cmd: compileSnippet
  api=4 type=1 insize=876 outsize=754 kw= ok=1
Cmd: preprocess
  insize=6218 outsize=3522 ok=1
Cmd: compileSnippet
  api=4 type=0 insize=7024 outsize=4573 kw=DIRECTIONAL LIGHTMAP_OFF DIRLIGHTMAP_OFF ok=1
Cmd: compileSnippet
  api=4 type=1 insize=7024 outsize=3752 kw=DIRECTIONAL LIGHTMAP_OFF DIRLIGHTMAP_OFF ok=1
Cmd: compileSnippet
  api=4 type=0 insize=4819 outsize=4223 kw=POINT ok=1
Cmd: compileSnippet
  api=4 type=1 insize=4819 outsize=4077 kw=POINT ok=1
Cmd: compileSnippet
  api=4 type=0 insize=5949 outsize=4126 kw=DIRECTIONAL LIGHTMAP_OFF DIRLIGHTMAP_OFF ok=1
Cmd: compileSnippet
  api=4 type=1 insize=5949 outsize=3265 kw=DIRECTIONAL LIGHTMAP_OFF DIRLIGHTMAP_OFF ok=1
Cmd: compileSnippet
  api=4 type=0 insize=3811 outsize=3777 kw=POINT ok=1
Cmd: compileSnippet
  api=4 type=1 insize=3811 outsize=3590 kw=POINT ok=1
Cmd: compileSnippet
  api=4 type=0 insize=5273 outsize=3240 kw=DIRECTIONAL LIGHTMAP_OFF DIRLIGHTMAP_OFF ok=1
Cmd: compileSnippet
  api=4 type=1 insize=5273 outsize=1859 kw=DIRECTIONAL LIGHTMAP_OFF DIRLIGHTMAP_OFF ok=1
Cmd: compileSnippet
  api=4 type=0 insize=2853 outsize=3200 kw=POINT ok=1
Cmd: compileSnippet
  api=4 type=1 insize=2853 outsize=2217 kw=POINT ok=1
Cmd: preprocess
  insize=1563 outsize=946 ok=1
Cmd: compileSnippet
  api=4 type=0 insize=882 outsize=1193 kw= ok=1
Cmd: compileSnippet
  api=4 type=1 insize=882 outsize=754 kw= ok=1
Cmd: preprocess
  insize=2361 outsize=2258 ok=1
Cmd: compileSnippet
  api=4 type=0 insize=5530 outsize=3980 kw=DIRECTIONAL SHADOWS_OFF LIGHTMAP_OFF DIRLIGHTMAP_OFF ok=1
Cmd: compileSnippet
  api=4 type=1 insize=5530 outsize=2964 kw=DIRECTIONAL SHADOWS_OFF LIGHTMAP_OFF DIRLIGHTMAP_OFF ok=1
Cmd: compileSnippet
  api=4 type=0 insize=3436 outsize=3630 kw=POINT ok=1
Cmd: compileSnippet
  api=4 type=1 insize=3436 outsize=3281 kw=POINT ok=1
Cmd: compileSnippet
  api=4 type=0 insize=4288 outsize=2607 kw=DIRECTIONAL SHADOWS_OFF LIGHTMAP_OFF DIRLIGHTMAP_OFF ok=1
Cmd: compileSnippet
  api=4 type=1 insize=4288 outsize=1412 kw=DIRECTIONAL SHADOWS_OFF LIGHTMAP_OFF DIRLIGHTMAP_OFF ok=1
Cmd: compileSnippet
  api=4 type=0 insize=2326 outsize=2875 kw=POINT ok=1
Cmd: compileSnippet
  api=4 type=1 insize=2326 outsize=1705 kw=POINT ok=1
Cmd: compileSnippet
  api=4 type=0 insize=1854 outsize=1477 kw= ok=1
Cmd: compileSnippet
  api=4 type=1 insize=1854 outsize=632 kw= ok=1
Cmd: compileSnippet
  api=4 type=0 insize=4039 outsize=2883 kw=LIGHTMAP_OFF DIRLIGHTMAP_OFF HDR_LIGHT_PREPASS_OFF ok=1
Cmd: compileSnippet
  api=4 type=1 insize=4039 outsize=1355 kw=LIGHTMAP_OFF DIRLIGHTMAP_OFF HDR_LIGHT_PREPASS_OFF ok=1
Cmd: preprocess
  insize=1360 outsize=522 ok=1
Cmd: compileSnippet
  api=4 type=0 insize=1099 outsize=1510 kw= ok=1
Cmd: compileSnippet
  api=4 type=1 insize=1099 outsize=1055 kw= ok=1
Cmd: preprocess
  insize=1308 outsize=516 ok=1
Cmd: compileSnippet
  api=4 type=0 insize=1051 outsize=1193 kw= ok=1
Cmd: compileSnippet
  api=4 type=1 insize=1051 outsize=1363 kw= ok=1
Cmd: preprocess
  insize=2206 outsize=525 ok=1
Cmd: compileSnippet
  api=4 type=0 insize=1917 outsize=1697 kw= ok=1
Cmd: compileSnippet
  api=4 type=1 insize=1917 outsize=1916 kw= ok=1
Cmd: preprocess
  insize=1774 outsize=995 ok=1
Cmd: compileSnippet
  api=4 type=0 insize=1041 outsize=1274 kw= ok=1
Cmd: compileSnippet
  api=4 type=1 insize=1041 outsize=990 kw= ok=1
Cmd: compileSnippet
  api=4 type=0 insize=3436 outsize=2850 kw=DIRECTIONAL ok=1
Cmd: compileSnippet
  api=4 type=1 insize=3436 outsize=2810 kw=DIRECTIONAL ok=1
Cmd: compileSnippet
  api=4 type=0 insize=3334 outsize=2850 kw=DIRECTIONAL ok=1
Cmd: compileSnippet
  api=4 type=1 insize=3334 outsize=2582 kw=DIRECTIONAL ok=1
Cmd: compileSnippet
  api=4 type=0 insize=4819 outsize=3443 kw=DIRECTIONAL ok=1
Cmd: compileSnippet
  api=4 type=1 insize=4819 outsize=3606 kw=DIRECTIONAL ok=1
